<?xml version="1.0" encoding="UTF-8"?>
<!-- Generated by org.testng.reporters.JUnitReportReporter -->
<testsuite hostname="SEZ185SVM" name="com.svm.testcases.ClientpageTest" tests="1" failures="0" timestamp="11 Aug 2021 08:28:13 GMT" time="21.849" errors="0">
  <testcase name="CreateClient" time="21.849" classname="com.svm.testcases.ClientpageTest"/>
</testsuite> <!-- com.svm.testcases.ClientpageTest -->
