<?xml version="1.0" encoding="UTF-8"?>
<!-- Generated by org.testng.reporters.JUnitReportReporter -->
<testsuite hostname="SEZ185SVM" name="com.svm.testcases.ClientpageTest" tests="1" failures="0" timestamp="17 Aug 2021 11:26:48 GMT" time="39.253" errors="0">
  <testcase name="CreateClient" time="39.253" classname="com.svm.testcases.ClientpageTest"/>
</testsuite> <!-- com.svm.testcases.ClientpageTest -->
