<?xml version="1.0" encoding="UTF-8"?>
<!-- Generated by org.testng.reporters.JUnitReportReporter -->
<testsuite hostname="SEZ185SVM" name="com.svm.testcases.OrderSearchTest" tests="1" failures="0" timestamp="14 Apr 2021 12:07:49 GMT" time="26.730" errors="0">
  <testcase name="listoptions" time="26.730" classname="com.svm.testcases.OrderSearchTest"/>
</testsuite> <!-- com.svm.testcases.OrderSearchTest -->
