<?xml version="1.0" encoding="UTF-8"?>
<!-- Generated by org.testng.reporters.JUnitReportReporter -->
<testsuite hostname="SEZ185SVM" name="com.svm.testcases.LoginpageTest" tests="3" failures="0" timestamp="17 Aug 2021 11:26:48 GMT" time="30.296" errors="0">
  <testcase name="loginpageTitleTest" time="9.025" classname="com.svm.testcases.LoginpageTest"/>
  <testcase name="loginpageimgTest" time="9.680" classname="com.svm.testcases.LoginpageTest"/>
  <testcase name="verifyLogin" time="11.591" classname="com.svm.testcases.LoginpageTest"/>
</testsuite> <!-- com.svm.testcases.LoginpageTest -->
