<?xml version="1.0" encoding="UTF-8"?>
<!-- Generated by org.testng.reporters.JUnitReportReporter -->
<testsuite hostname="SEZ185SVM" name="com.svm.pages.MultipleWindows" tests="1" failures="0" timestamp="14 Aug 2021 12:45:07 GMT" time="24.109" errors="0">
  <testcase name="test" time="24.109" classname="com.svm.pages.MultipleWindows"/>
</testsuite> <!-- com.svm.pages.MultipleWindows -->
