<?xml version="1.0" encoding="UTF-8"?>
<!-- Generated by org.testng.reporters.JUnitReportReporter -->
<testsuite hostname="SEZ185SVM" name="com.svm.testcases.HomepageTest" tests="4" failures="0" timestamp="11 Aug 2021 08:28:13 GMT" time="81.815" errors="0">
  <testcase name="ValidatepageTitle" time="15.832" classname="com.svm.testcases.HomepageTest"/>
  <testcase name="verifyOrderTile" time="11.859" classname="com.svm.testcases.HomepageTest"/>
  <testcase name="ValidateWelcomeImg" time="26.334" classname="com.svm.testcases.HomepageTest"/>
  <testcase name="verifyClickOnOrder" time="27.790" classname="com.svm.testcases.HomepageTest"/>
</testsuite> <!-- com.svm.testcases.HomepageTest -->
