<?xml version="1.0" encoding="UTF-8"?>
<!-- Generated by org.testng.reporters.JUnitReportReporter -->
<testsuite hostname="SEZ185SVM" name="com.svm.testcases.LoginpageTest" tests="3" failures="0" timestamp="11 Aug 2021 08:28:13 GMT" time="57.050" errors="0">
  <testcase name="loginpageTitleTest" time="14.697" classname="com.svm.testcases.LoginpageTest"/>
  <testcase name="loginpageimgTest" time="23.580" classname="com.svm.testcases.LoginpageTest"/>
  <testcase name="verifyLogin" time="18.773" classname="com.svm.testcases.LoginpageTest"/>
</testsuite> <!-- com.svm.testcases.LoginpageTest -->
